<?xml version="1.0" encoding="UTF-8"?>
<!-- Generated by org.testng.reporters.JUnitXMLReporter -->
<testsuite hostname="DESKTOP-JI6CJVA" ignored="3" name="Test" tests="4" failures="0" timestamp="2022-05-25T21:59:45 IST" time="50.223" errors="0">
  <testcase name="Verify_Multiplication" time="0.542" classname="com.test.test_multiply"/>
  <testcase name="Verify_Division" time="0.55" classname="com.test.test_divide"/>
  <testcase name="verify_Addition" time="1.009" classname="com.test.test_additions"/>
  <testcase name="verify_Substration" time="0.878" classname="com.test.test_substract"/>
  <testcase name="@BeforeSuite bs" time="0.0" classname="Com.Utility.BaseClass">
    <ignored/>
  </testcase> <!-- @BeforeSuite bs -->
  <testcase name="@BeforeSuite bs" time="0.0" classname="Com.Utility.BaseClass">
    <ignored/>
  </testcase> <!-- @BeforeSuite bs -->
  <testcase name="@BeforeSuite bs" time="0.0" classname="Com.Utility.BaseClass">
    <ignored/>
  </testcase> <!-- @BeforeSuite bs -->
</testsuite> <!-- Test -->
