<?xml version="1.0" encoding="UTF-8"?>
<testng-results skipped="0" failed="0" ignored="3" total="7" passed="4">
  <reporter-output>
  </reporter-output>
  <suite name="Suite" duration-ms="50223" started-at="2022-05-25T21:58:54 IST" finished-at="2022-05-25T21:59:44 IST">
    <groups>
    </groups>
    <test name="Test" duration-ms="50223" started-at="2022-05-25T21:58:54 IST" finished-at="2022-05-25T21:59:44 IST">
      <class name="com.test.test_additions">
        <test-method status="PASS" signature="openBrowser()[pri:0, instance:com.test.test_additions@3aeaafa6]" name="openBrowser" is-config="true" duration-ms="13429" started-at="2022-05-25T21:59:11 IST" finished-at="2022-05-25T21:59:24 IST">
          <reporter-output>
          </reporter-output>
        </test-method> <!-- openBrowser -->
        <test-method status="PASS" signature="verify_Addition()[pri:0, instance:com.test.test_additions@3aeaafa6]" name="verify_Addition" duration-ms="1009" started-at="2022-05-25T21:59:24 IST" finished-at="2022-05-25T21:59:25 IST">
          <reporter-output>
          </reporter-output>
        </test-method> <!-- verify_Addition -->
        <test-method status="PASS" signature="tearDown()[pri:0, instance:com.test.test_additions@3aeaafa6]" name="tearDown" is-config="true" duration-ms="0" started-at="2022-05-25T21:59:25 IST" finished-at="2022-05-25T21:59:25 IST">
          <reporter-output>
          </reporter-output>
        </test-method> <!-- tearDown -->
      </class> <!-- com.test.test_additions -->
      <class name="com.test.test_multiply">
        <test-method status="PASS" signature="bs()[pri:0, instance:com.test.test_multiply@50d0686]" name="bs" is-config="true" duration-ms="0" started-at="2022-05-25T21:58:54 IST" finished-at="2022-05-25T21:58:54 IST">
          <reporter-output>
          </reporter-output>
        </test-method> <!-- bs -->
        <test-method status="PASS" signature="openBrowser()[pri:0, instance:com.test.test_multiply@50d0686]" name="openBrowser" is-config="true" duration-ms="5077" started-at="2022-05-25T21:58:54 IST" finished-at="2022-05-25T21:58:59 IST">
          <reporter-output>
          </reporter-output>
        </test-method> <!-- openBrowser -->
        <test-method status="PASS" signature="Verify_Multiplication()[pri:0, instance:com.test.test_multiply@50d0686]" name="Verify_Multiplication" duration-ms="542" started-at="2022-05-25T21:58:59 IST" finished-at="2022-05-25T21:59:00 IST">
          <reporter-output>
          </reporter-output>
        </test-method> <!-- Verify_Multiplication -->
        <test-method status="PASS" signature="tearDown()[pri:0, instance:com.test.test_multiply@50d0686]" name="tearDown" is-config="true" duration-ms="0" started-at="2022-05-25T21:59:00 IST" finished-at="2022-05-25T21:59:00 IST">
          <reporter-output>
          </reporter-output>
        </test-method> <!-- tearDown -->
      </class> <!-- com.test.test_multiply -->
      <class name="com.test.test_divide">
        <test-method status="PASS" signature="openBrowser()[pri:0, instance:com.test.test_divide@63440df3]" name="openBrowser" is-config="true" duration-ms="10223" started-at="2022-05-25T21:59:00 IST" finished-at="2022-05-25T21:59:10 IST">
          <reporter-output>
          </reporter-output>
        </test-method> <!-- openBrowser -->
        <test-method status="PASS" signature="Verify_Division()[pri:0, instance:com.test.test_divide@63440df3]" name="Verify_Division" duration-ms="550" started-at="2022-05-25T21:59:10 IST" finished-at="2022-05-25T21:59:11 IST">
          <reporter-output>
          </reporter-output>
        </test-method> <!-- Verify_Division -->
        <test-method status="PASS" signature="tearDown()[pri:0, instance:com.test.test_divide@63440df3]" name="tearDown" is-config="true" duration-ms="0" started-at="2022-05-25T21:59:11 IST" finished-at="2022-05-25T21:59:11 IST">
          <reporter-output>
          </reporter-output>
        </test-method> <!-- tearDown -->
      </class> <!-- com.test.test_divide -->
      <class name="com.test.test_substract">
        <test-method status="PASS" signature="openBrowser()[pri:0, instance:com.test.test_substract@76a3e297]" name="openBrowser" is-config="true" duration-ms="18476" started-at="2022-05-25T21:59:25 IST" finished-at="2022-05-25T21:59:44 IST">
          <reporter-output>
          </reporter-output>
        </test-method> <!-- openBrowser -->
        <test-method status="PASS" signature="verify_Substration()[pri:0, instance:com.test.test_substract@76a3e297]" name="verify_Substration" duration-ms="878" started-at="2022-05-25T21:59:44 IST" finished-at="2022-05-25T21:59:44 IST">
          <reporter-output>
          </reporter-output>
        </test-method> <!-- verify_Substration -->
        <test-method status="PASS" signature="tearDown()[pri:0, instance:com.test.test_substract@76a3e297]" name="tearDown" is-config="true" duration-ms="1" started-at="2022-05-25T21:59:44 IST" finished-at="2022-05-25T21:59:44 IST">
          <reporter-output>
          </reporter-output>
        </test-method> <!-- tearDown -->
      </class> <!-- com.test.test_substract -->
    </test> <!-- Test -->
  </suite> <!-- Suite -->
</testng-results>
